<?xml version="1.0" encoding="UTF-8"?>
<!-- Generated by org.testng.reporters.JUnitReportReporter -->
<testsuite hostname="Vijay" name="com.trainer.qa.testcases.GmailLoginTest" tests="1" failures="0" timestamp="29 Jun 2018 06:29:06 GMT" time="13.873" errors="0">
  <testcase name="GmailLogin" time="13.873" classname="com.trainer.qa.testcases.GmailLoginTest"/>
</testsuite> <!-- com.trainer.qa.testcases.GmailLoginTest -->
