<?xml version="1.0" encoding="UTF-8"?>
<!-- Generated by org.testng.reporters.JUnitReportReporter -->
<testsuite hostname="Vijay" name="dailychecklist.DailyWorkoutSessionTest" tests="3" failures="0" timestamp="29 Jun 2018 12:00:24 GMT" time="254.796" errors="0">
  <testcase name="DailyWorkoutSessionNormalLogin" time="86.840" classname="dailychecklist.DailyWorkoutSessionTest"/>
  <testcase name="DailyWorkoutSessionFacebookLogin" time="78.322" classname="dailychecklist.DailyWorkoutSessionTest"/>
  <testcase name="DailyWorkoutSessionGmailLogin" time="89.634" classname="dailychecklist.DailyWorkoutSessionTest"/>
</testsuite> <!-- dailychecklist.DailyWorkoutSessionTest -->
