<?xml version="1.0" encoding="UTF-8"?>
<!-- Generated by org.testng.reporters.JUnitReportReporter -->
<testsuite hostname="Vijay" name="dailychecklist.Test123" tests="1" failures="0" timestamp="29 Jun 2018 06:09:31 GMT" time="59.521" errors="0">
  <testcase name="CreateSessionThroughScoialLogin" time="59.521" classname="dailychecklist.Test123"/>
</testsuite> <!-- dailychecklist.Test123 -->
