<?xml version="1.0" encoding="UTF-8"?>
<!-- Generated by org.testng.reporters.JUnitReportReporter -->
<testsuite hostname="Vijay" name="com.trainer.qa.module.actions.SocialLoginWorkoutSessionsAction" tests="1" failures="0" timestamp="29 Jun 2018 07:12:13 GMT" time="45.090" errors="0">
  <testcase name="CreateSessionSocialLogin" time="45.090" classname="com.trainer.qa.module.actions.SocialLoginWorkoutSessionsAction"/>
</testsuite> <!-- com.trainer.qa.module.actions.SocialLoginWorkoutSessionsAction -->
