<?xml version="1.0" encoding="UTF-8"?>
<!-- Generated by org.testng.reporters.JUnitReportReporter -->
<testsuite hostname="Vijay" name="com.trainer.qa.DailyChecklistActions.GmailLoginCustomSessionAction" tests="1" failures="0" timestamp="29 Jun 2018 10:45:27 GMT" time="85.585" errors="0">
  <testcase name="CustomSessionwithGmailLogin" time="85.585" classname="com.trainer.qa.DailyChecklistActions.GmailLoginCustomSessionAction"/>
</testsuite> <!-- com.trainer.qa.DailyChecklistActions.GmailLoginCustomSessionAction -->
