<?xml version="1.0" encoding="UTF-8"?>
<!-- Generated by org.testng.reporters.JUnitReportReporter -->
<testsuite hostname="Vijay" name="com.trainer.qa.DailyChecklistActions.FacebookLoginCustomSessionAction" tests="1" failures="0" timestamp="29 Jun 2018 10:43:29 GMT" time="88.631" errors="0">
  <testcase name="CustomSessionwithFacebookLogin" time="88.631" classname="com.trainer.qa.DailyChecklistActions.FacebookLoginCustomSessionAction"/>
</testsuite> <!-- com.trainer.qa.DailyChecklistActions.FacebookLoginCustomSessionAction -->
