<?xml version="1.0" encoding="UTF-8"?>
<!-- Generated by org.testng.reporters.JUnitReportReporter -->
<testsuite hostname="Vijay" name="com.trainer.qa.testcases.SingleWorkoutSessionTest" tests="1" failures="0" timestamp="29 Jun 2018 09:44:16 GMT" time="0.018" errors="0">
  <testcase name="SingleSessionCreatedsuccesfully" time="0.018" classname="com.trainer.qa.testcases.SingleWorkoutSessionTest"/>
</testsuite> <!-- com.trainer.qa.testcases.SingleWorkoutSessionTest -->
