<?xml version="1.0" encoding="UTF-8"?>
<!-- Generated by org.testng.reporters.JUnitReportReporter -->
<testsuite hostname="Vijay" name="com.trainer.qa.module.actions.GmailLoginWorkoutSessionsAction" tests="1" failures="0" timestamp="29 Jun 2018 08:46:59 GMT" time="83.424" errors="0">
  <testcase name="SessionwithGmailLogin" time="83.424" classname="com.trainer.qa.module.actions.GmailLoginWorkoutSessionsAction"/>
</testsuite> <!-- com.trainer.qa.module.actions.GmailLoginWorkoutSessionsAction -->
