<?xml version="1.0" encoding="UTF-8"?>
<!-- Generated by org.testng.reporters.JUnitReportReporter -->
<testsuite hostname="Vijay" name="com.trainer.qa.testcases.LoginTest" tests="1" failures="0" timestamp="29 Jun 2018 06:19:03 GMT" time="37.841" errors="0">
  <testcase name="OpenBrowser" time="37.841" classname="com.trainer.qa.testcases.LoginTest"/>
</testsuite> <!-- com.trainer.qa.testcases.LoginTest -->
