<?xml version="1.0" encoding="UTF-8"?>
<!-- Generated by org.testng.reporters.JUnitReportReporter -->
<testsuite hostname="Vijay" name="com.trainer.qa.module.actions.FacebookLoginWorkoutSessionsAction" tests="1" failures="0" timestamp="29 Jun 2018 07:23:12 GMT" time="45.859" errors="0">
  <testcase name="CreateSessionwithFacebookLogin" time="45.859" classname="com.trainer.qa.module.actions.FacebookLoginWorkoutSessionsAction"/>
</testsuite> <!-- com.trainer.qa.module.actions.FacebookLoginWorkoutSessionsAction -->
