<?xml version="1.0" encoding="UTF-8"?>
<!-- Generated by org.testng.reporters.JUnitReportReporter -->
<testsuite hostname="Vijay" name="dailychecklist.MonthlyWorkoutSession" tests="3" failures="0" timestamp="29 Jun 2018 12:04:49 GMT" time="243.810" errors="0">
  <testcase name="MonthlyWorkoutSessionGmailLogin" time="81.944" classname="dailychecklist.MonthlyWorkoutSession"/>
  <testcase name="MonthlyWorkoutSessionNormalLogin" time="79.149" classname="dailychecklist.MonthlyWorkoutSession"/>
  <testcase name="MonthlyWorkoutSessionFacebookLogin" time="82.717" classname="dailychecklist.MonthlyWorkoutSession"/>
</testsuite> <!-- dailychecklist.MonthlyWorkoutSession -->
